# JRE version: OpenJDK Runtime Environment (21.0.6) (build 21.0.6+-13355223-b631.42)
# Java VM: OpenJDK 64-Bit Server VM (21.0.6+-13355223-b631.42, mixed mode, tiered, compressed oops, compressed class ptrs, g1 gc, windows-amd64)
GC Precious Log:
 CardTable entry size: 512
 Card Set container configuration: InlinePtr #cards 4 size 8 Array Of Cards #cards 16 size 48 Howl #buckets 8 coarsen threshold 3686 Howl Bitmap #cards 512 size 80 coarsen threshold 460 Card regions per heap region 1 cards per card region 4096
 CPUs: 8 total, 8 available
 Memory: 24419M
 Large Page Support: Disabled
 NUMA Support: Disabled
 Compressed Oops: Enabled (Zero based)
 Heap Region Size: 2M
 Heap Min Capacity: 8M
 Heap Initial Capacity: 382M
 Heap Max Capacity: 4G
 Pre-touch: Disabled
 Parallel Workers: 8
 Concurrent Workers: 2
 Concurrent Refinement Workers: 8
 Periodic GC: Disabled
Heap:
 garbage-first heap   total 811008K, used 127750K [0x0000000700000000, 0x0000000800000000)
  region size 2048K, 21 young (43008K), 21 survivors (43008K)
 Metaspace       used 17782K, committed 17984K, reserved 1114112K
  class space    used 1559K, committed 1664K, reserved 1048576K
GC Heap History (20 events):
Event: 3.137 GC heap after
{Heap after GC invocations=7 (full 0):
 garbage-first heap   total 552960K, used 51337K [0x0000000700000000, 0x0000000800000000)
  region size 2048K, 3 young (6144K), 3 survivors (6144K)
 Metaspace       used 13477K, committed 13632K, reserved 1114112K
  class space    used 1141K, committed 1216K, reserved 1048576K
}
Event: 3.770 GC heap before
{Heap before GC invocations=7 (full 0):
 garbage-first heap   total 552960K, used 376969K [0x0000000700000000, 0x0000000800000000)
  region size 2048K, 162 young (331776K), 3 survivors (6144K)
 Metaspace       used 16144K, committed 16320K, reserved 1114112K
  class space    used 1421K, committed 1536K, reserved 1048576K
}
Event: 3.775 GC heap after
{Heap after GC invocations=8 (full 0):
 garbage-first heap   total 552960K, used 55288K [0x0000000700000000, 0x0000000800000000)
  region size 2048K, 5 young (10240K), 5 survivors (10240K)
 Metaspace       used 16144K, committed 16320K, reserved 1114112K
  class space    used 1421K, committed 1536K, reserved 1048576K
}
Event: 4.868 GC heap before
{Heap before GC invocations=8 (full 0):
 garbage-first heap   total 552960K, used 376824K [0x0000000700000000, 0x0000000800000000)
  region size 2048K, 162 young (331776K), 5 survivors (10240K)
 Metaspace       used 17609K, committed 17792K, reserved 1114112K
  class space    used 1555K, committed 1664K, reserved 1048576K
}
Event: 4.883 GC heap after
{Heap after GC invocations=9 (full 0):
 garbage-first heap   total 552960K, used 60443K [0x0000000700000000, 0x0000000800000000)
  region size 2048K, 8 young (16384K), 8 survivors (16384K)
 Metaspace       used 17609K, committed 17792K, reserved 1114112K
  class space    used 1555K, committed 1664K, reserved 1048576K
}
Event: 5.829 GC heap before
{Heap before GC invocations=9 (full 0):
 garbage-first heap   total 552960K, used 375835K [0x0000000700000000, 0x0000000800000000)
  region size 2048K, 162 young (331776K), 8 survivors (16384K)
 Metaspace       used 17651K, committed 17792K, reserved 1114112K
  class space    used 1557K, committed 1664K, reserved 1048576K
}
Event: 5.852 GC heap after
{Heap after GC invocations=10 (full 0):
 garbage-first heap   total 552960K, used 68994K [0x0000000700000000, 0x0000000800000000)
  region size 2048K, 12 young (24576K), 12 survivors (24576K)
 Metaspace       used 17651K, committed 17792K, reserved 1114112K
  class space    used 1557K, committed 1664K, reserved 1048576K
}
Event: 6.573 GC heap before
{Heap before GC invocations=10 (full 0):
 garbage-first heap   total 552960K, used 376194K [0x0000000700000000, 0x0000000800000000)
  region size 2048K, 162 young (331776K), 12 survivors (24576K)
 Metaspace       used 17708K, committed 17856K, reserved 1114112K
  class space    used 1558K, committed 1664K, reserved 1048576K
}
Event: 6.605 GC heap after
{Heap after GC invocations=11 (full 0):
 garbage-first heap   total 552960K, used 88623K [0x0000000700000000, 0x0000000800000000)
  region size 2048K, 21 young (43008K), 21 survivors (43008K)
 Metaspace       used 17708K, committed 17856K, reserved 1114112K
  class space    used 1558K, committed 1664K, reserved 1048576K
}
Event: 7.201 GC heap before
{Heap before GC invocations=11 (full 0):
 garbage-first heap   total 552960K, used 377391K [0x0000000700000000, 0x0000000800000000)
  region size 2048K, 162 young (331776K), 21 survivors (43008K)
 Metaspace       used 17713K, committed 17856K, reserved 1114112K
  class space    used 1558K, committed 1664K, reserved 1048576K
}
Event: 7.241 GC heap after
{Heap after GC invocations=12 (full 0):
 garbage-first heap   total 552960K, used 82375K [0x0000000700000000, 0x0000000800000000)
  region size 2048K, 7 young (14336K), 7 survivors (14336K)
 Metaspace       used 17713K, committed 17856K, reserved 1114112K
  class space    used 1558K, committed 1664K, reserved 1048576K
}
Event: 7.708 GC heap before
{Heap before GC invocations=12 (full 0):
 garbage-first heap   total 552960K, used 397767K [0x0000000700000000, 0x0000000800000000)
  region size 2048K, 162 young (331776K), 7 survivors (14336K)
 Metaspace       used 17721K, committed 17856K, reserved 1114112K
  class space    used 1558K, committed 1664K, reserved 1048576K
}
Event: 7.732 GC heap after
{Heap after GC invocations=13 (full 0):
 garbage-first heap   total 811008K, used 102801K [0x0000000700000000, 0x0000000800000000)
  region size 2048K, 17 young (34816K), 17 survivors (34816K)
 Metaspace       used 17721K, committed 17856K, reserved 1114112K
  class space    used 1558K, committed 1664K, reserved 1048576K
}
Event: 8.477 GC heap before
{Heap before GC invocations=13 (full 0):
 garbage-first heap   total 811008K, used 553361K [0x0000000700000000, 0x0000000800000000)
  region size 2048K, 237 young (485376K), 17 survivors (34816K)
 Metaspace       used 17740K, committed 17920K, reserved 1114112K
  class space    used 1558K, committed 1664K, reserved 1048576K
}
Event: 8.501 GC heap after
{Heap after GC invocations=14 (full 0):
 garbage-first heap   total 811008K, used 103815K [0x0000000700000000, 0x0000000800000000)
  region size 2048K, 13 young (26624K), 13 survivors (26624K)
 Metaspace       used 17740K, committed 17920K, reserved 1114112K
  class space    used 1558K, committed 1664K, reserved 1048576K
}
Event: 9.115 GC heap before
{Heap before GC invocations=14 (full 0):
 garbage-first heap   total 811008K, used 564615K [0x0000000700000000, 0x0000000800000000)
  region size 2048K, 237 young (485376K), 13 survivors (26624K)
 Metaspace       used 17771K, committed 17984K, reserved 1114112K
  class space    used 1559K, committed 1664K, reserved 1048576K
}
Event: 9.134 GC heap after
{Heap after GC invocations=15 (full 0):
 garbage-first heap   total 811008K, used 108353K [0x0000000700000000, 0x0000000800000000)
  region size 2048K, 14 young (28672K), 14 survivors (28672K)
 Metaspace       used 17771K, committed 17984K, reserved 1114112K
  class space    used 1559K, committed 1664K, reserved 1048576K
}
Event: 9.691 GC heap before
{Heap before GC invocations=15 (full 0):
 garbage-first heap   total 811008K, used 565057K [0x0000000700000000, 0x0000000800000000)
  region size 2048K, 237 young (485376K), 14 survivors (28672K)
 Metaspace       used 17772K, committed 17984K, reserved 1114112K
  class space    used 1559K, committed 1664K, reserved 1048576K
}
Event: 9.718 GC heap after
{Heap after GC invocations=16 (full 0):
 garbage-first heap   total 811008K, used 119936K [0x0000000700000000, 0x0000000800000000)
  region size 2048K, 20 young (40960K), 20 survivors (40960K)
 Metaspace       used 17772K, committed 17984K, reserved 1114112K
  class space    used 1559K, committed 1664K, reserved 1048576K
}
Event: 10.567 GC heap before
{Heap before GC invocations=16 (full 0):
 garbage-first heap   total 811008K, used 564352K [0x0000000700000000, 0x0000000800000000)
  region size 2048K, 237 young (485376K), 20 survivors (40960K)
 Metaspace       used 17782K, committed 17984K, reserved 1114112K
  class space    used 1559K, committed 1664K, reserved 1048576K
}

