# JRE version: OpenJDK Runtime Environment (21.0.6) (build 21.0.6+-13355223-b631.42)
# Java VM: OpenJDK 64-Bit Server VM (21.0.6+-13355223-b631.42, mixed mode, tiered, compressed oops, compressed class ptrs, g1 gc, windows-amd64)
GC Precious Log:
 CardTable entry size: 512
 Card Set container configuration: InlinePtr #cards 4 size 8 Array Of Cards #cards 16 size 48 Howl #buckets 8 coarsen threshold 3686 Howl Bitmap #cards 512 size 80 coarsen threshold 460 Card regions per heap region 1 cards per card region 4096
 CPUs: 8 total, 8 available
 Memory: 24419M
 Large Page Support: Disabled
 NUMA Support: Disabled
 Compressed Oops: Enabled (Zero based)
 Heap Region Size: 2M
 Heap Min Capacity: 8M
 Heap Initial Capacity: 382M
 Heap Max Capacity: 4G
 Pre-touch: Disabled
 Parallel Workers: 8
 Concurrent Workers: 2
 Concurrent Refinement Workers: 8
 Periodic GC: Disabled
Heap:
 garbage-first heap   total 649216K, used 116969K [0x0000000700000000, 0x0000000800000000)
  region size 2048K, 11 young (22528K), 11 survivors (22528K)
 Metaspace       used 17751K, committed 17920K, reserved 1114112K
  class space    used 1558K, committed 1664K, reserved 1048576K
GC Heap History (20 events):
Event: 2.803 GC heap after
{Heap after GC invocations=4 (full 0):
 garbage-first heap   total 391168K, used 16665K [0x0000000700000000, 0x0000000800000000)
  region size 2048K, 6 young (12288K), 6 survivors (12288K)
 Metaspace       used 13461K, committed 13632K, reserved 1114112K
  class space    used 1141K, committed 1216K, reserved 1048576K
}
Event: 3.196 GC heap before
{Heap before GC invocations=4 (full 0):
 garbage-first heap   total 391168K, used 237849K [0x0000000700000000, 0x0000000800000000)
  region size 2048K, 114 young (233472K), 6 survivors (12288K)
 Metaspace       used 13464K, committed 13632K, reserved 1114112K
  class space    used 1141K, committed 1216K, reserved 1048576K
}
Event: 3.206 GC heap after
{Heap after GC invocations=5 (full 0):
 garbage-first heap   total 391168K, used 19997K [0x0000000700000000, 0x0000000800000000)
  region size 2048K, 8 young (16384K), 8 survivors (16384K)
 Metaspace       used 13464K, committed 13632K, reserved 1114112K
  class space    used 1141K, committed 1216K, reserved 1048576K
}
Event: 3.489 GC heap before
{Heap before GC invocations=5 (full 0):
 garbage-first heap   total 391168K, used 237085K [0x0000000700000000, 0x0000000800000000)
  region size 2048K, 114 young (233472K), 8 survivors (16384K)
 Metaspace       used 13470K, committed 13632K, reserved 1114112K
  class space    used 1141K, committed 1216K, reserved 1048576K
}
Event: 3.529 GC heap after
{Heap after GC invocations=6 (full 0):
 garbage-first heap   total 391168K, used 61069K [0x0000000700000000, 0x0000000800000000)
  region size 2048K, 15 young (30720K), 15 survivors (30720K)
 Metaspace       used 13470K, committed 13632K, reserved 1114112K
  class space    used 1141K, committed 1216K, reserved 1048576K
}
Event: 3.747 GC heap before
{Heap before GC invocations=6 (full 0):
 garbage-first heap   total 391168K, used 263821K [0x0000000700000000, 0x0000000800000000)
  region size 2048K, 114 young (233472K), 15 survivors (30720K)
 Metaspace       used 13487K, committed 13632K, reserved 1114112K
  class space    used 1141K, committed 1216K, reserved 1048576K
}
Event: 3.769 GC heap after
{Heap after GC invocations=7 (full 0):
 garbage-first heap   total 391168K, used 52702K [0x0000000700000000, 0x0000000800000000)
  region size 2048K, 3 young (6144K), 3 survivors (6144K)
 Metaspace       used 13487K, committed 13632K, reserved 1114112K
  class space    used 1141K, committed 1216K, reserved 1048576K
}
Event: 4.074 GC heap before
{Heap before GC invocations=7 (full 0):
 garbage-first heap   total 391168K, used 277982K [0x0000000700000000, 0x0000000800000000)
  region size 2048K, 114 young (233472K), 3 survivors (6144K)
 Metaspace       used 13487K, committed 13632K, reserved 1114112K
  class space    used 1141K, committed 1216K, reserved 1048576K
}
Event: 4.091 GC heap after
{Heap after GC invocations=8 (full 0):
 garbage-first heap   total 649216K, used 74258K [0x0000000700000000, 0x0000000800000000)
  region size 2048K, 14 young (28672K), 14 survivors (28672K)
 Metaspace       used 13487K, committed 13632K, reserved 1114112K
  class space    used 1141K, committed 1216K, reserved 1048576K
}
Event: 5.571 GC heap before
{Heap before GC invocations=8 (full 0):
 garbage-first heap   total 649216K, used 434706K [0x0000000700000000, 0x0000000800000000)
  region size 2048K, 190 young (389120K), 14 survivors (28672K)
 Metaspace       used 17452K, committed 17664K, reserved 1114112K
  class space    used 1539K, committed 1664K, reserved 1048576K
}
Event: 5.581 GC heap after
{Heap after GC invocations=9 (full 0):
 garbage-first heap   total 649216K, used 57027K [0x0000000700000000, 0x0000000800000000)
  region size 2048K, 4 young (8192K), 4 survivors (8192K)
 Metaspace       used 17452K, committed 17664K, reserved 1114112K
  class space    used 1539K, committed 1664K, reserved 1048576K
}
Event: 6.756 GC heap before
{Heap before GC invocations=9 (full 0):
 garbage-first heap   total 649216K, used 437955K [0x0000000700000000, 0x0000000800000000)
  region size 2048K, 190 young (389120K), 4 survivors (8192K)
 Metaspace       used 17660K, committed 17792K, reserved 1114112K
  class space    used 1557K, committed 1664K, reserved 1048576K
}
Event: 6.775 GC heap after
{Heap after GC invocations=10 (full 0):
 garbage-first heap   total 649216K, used 70402K [0x0000000700000000, 0x0000000800000000)
  region size 2048K, 11 young (22528K), 11 survivors (22528K)
 Metaspace       used 17660K, committed 17792K, reserved 1114112K
  class space    used 1557K, committed 1664K, reserved 1048576K
}
Event: 7.517 GC heap before
{Heap before GC invocations=10 (full 0):
 garbage-first heap   total 649216K, used 436994K [0x0000000700000000, 0x0000000800000000)
  region size 2048K, 190 young (389120K), 11 survivors (22528K)
 Metaspace       used 17715K, committed 17856K, reserved 1114112K
  class space    used 1558K, committed 1664K, reserved 1048576K
}
Event: 7.555 GC heap after
{Heap after GC invocations=11 (full 0):
 garbage-first heap   total 649216K, used 98489K [0x0000000700000000, 0x0000000800000000)
  region size 2048K, 24 young (49152K), 24 survivors (49152K)
 Metaspace       used 17715K, committed 17856K, reserved 1114112K
  class space    used 1558K, committed 1664K, reserved 1048576K
}
Event: 8.190 GC heap before
{Heap before GC invocations=11 (full 0):
 garbage-first heap   total 649216K, used 438457K [0x0000000700000000, 0x0000000800000000)
  region size 2048K, 190 young (389120K), 24 survivors (49152K)
 Metaspace       used 17730K, committed 17856K, reserved 1114112K
  class space    used 1558K, committed 1664K, reserved 1048576K
}
Event: 8.224 GC heap after
{Heap after GC invocations=12 (full 0):
 garbage-first heap   total 649216K, used 89305K [0x0000000700000000, 0x0000000800000000)
  region size 2048K, 8 young (16384K), 8 survivors (16384K)
 Metaspace       used 17730K, committed 17856K, reserved 1114112K
  class space    used 1558K, committed 1664K, reserved 1048576K
}
Event: 8.711 GC heap before
{Heap before GC invocations=12 (full 0):
 garbage-first heap   total 649216K, used 459993K [0x0000000700000000, 0x0000000800000000)
  region size 2048K, 190 young (389120K), 8 survivors (16384K)
 Metaspace       used 17739K, committed 17920K, reserved 1114112K
  class space    used 1558K, committed 1664K, reserved 1048576K
}
Event: 8.753 GC heap after
{Heap after GC invocations=13 (full 0):
 garbage-first heap   total 649216K, used 131836K [0x0000000700000000, 0x0000000800000000)
  region size 2048K, 24 young (49152K), 24 survivors (49152K)
 Metaspace       used 17739K, committed 17920K, reserved 1114112K
  class space    used 1558K, committed 1664K, reserved 1048576K
}
Event: 9.267 GC heap before
{Heap before GC invocations=13 (full 0):
 garbage-first heap   total 649216K, used 471804K [0x0000000700000000, 0x0000000800000000)
  region size 2048K, 190 young (389120K), 24 survivors (49152K)
 Metaspace       used 17751K, committed 17920K, reserved 1114112K
  class space    used 1558K, committed 1664K, reserved 1048576K
}

