# JRE version: OpenJDK Runtime Environment (21.0.6) (build 21.0.6+-13355223-b631.42)
# Java VM: OpenJDK 64-Bit Server VM (21.0.6+-13355223-b631.42, mixed mode, tiered, compressed oops, compressed class ptrs, g1 gc, windows-amd64)
GC Precious Log:
 CardTable entry size: 512
 Card Set container configuration: InlinePtr #cards 4 size 8 Array Of Cards #cards 16 size 48 Howl #buckets 8 coarsen threshold 3686 Howl Bitmap #cards 512 size 80 coarsen threshold 460 Card regions per heap region 1 cards per card region 4096
 CPUs: 8 total, 8 available
 Memory: 24419M
 Large Page Support: Disabled
 NUMA Support: Disabled
 Compressed Oops: Enabled (Zero based)
 Heap Region Size: 2M
 Heap Min Capacity: 8M
 Heap Initial Capacity: 382M
 Heap Max Capacity: 4G
 Pre-touch: Disabled
 Parallel Workers: 8
 Concurrent Workers: 2
 Concurrent Refinement Workers: 8
 Periodic GC: Disabled
Heap:
 garbage-first heap   total 729088K, used 193205K [0x0000000700000000, 0x0000000800000000)
  region size 2048K, 27 young (55296K), 27 survivors (55296K)
 Metaspace       used 17788K, committed 17984K, reserved 1114112K
  class space    used 1559K, committed 1664K, reserved 1048576K
GC Heap History (20 events):
Event: 5.642 GC heap after
{Heap after GC invocations=9 (full 0):
 garbage-first heap   total 530432K, used 61015K [0x0000000700000000, 0x0000000800000000)
  region size 2048K, 8 young (16384K), 8 survivors (16384K)
 Metaspace       used 17469K, committed 17664K, reserved 1114112K
  class space    used 1541K, committed 1664K, reserved 1048576K
}
Event: 6.604 GC heap before
{Heap before GC invocations=9 (full 0):
 garbage-first heap   total 530432K, used 362071K [0x0000000700000000, 0x0000000800000000)
  region size 2048K, 155 young (317440K), 8 survivors (16384K)
 Metaspace       used 17652K, committed 17792K, reserved 1114112K
  class space    used 1557K, committed 1664K, reserved 1048576K
}
Event: 6.623 GC heap after
{Heap after GC invocations=10 (full 0):
 garbage-first heap   total 530432K, used 66977K [0x0000000700000000, 0x0000000800000000)
  region size 2048K, 11 young (22528K), 11 survivors (22528K)
 Metaspace       used 17652K, committed 17792K, reserved 1114112K
  class space    used 1557K, committed 1664K, reserved 1048576K
}
Event: 7.325 GC heap before
{Heap before GC invocations=10 (full 0):
 garbage-first heap   total 530432K, used 361889K [0x0000000700000000, 0x0000000800000000)
  region size 2048K, 155 young (317440K), 11 survivors (22528K)
 Metaspace       used 17707K, committed 17856K, reserved 1114112K
  class space    used 1558K, committed 1664K, reserved 1048576K
}
Event: 7.350 GC heap after
{Heap after GC invocations=11 (full 0):
 garbage-first heap   total 530432K, used 79505K [0x0000000700000000, 0x0000000800000000)
  region size 2048K, 17 young (34816K), 17 survivors (34816K)
 Metaspace       used 17707K, committed 17856K, reserved 1114112K
  class space    used 1558K, committed 1664K, reserved 1048576K
}
Event: 7.884 GC heap before
{Heap before GC invocations=11 (full 0):
 garbage-first heap   total 530432K, used 362129K [0x0000000700000000, 0x0000000800000000)
  region size 2048K, 155 young (317440K), 17 survivors (34816K)
 Metaspace       used 17715K, committed 17856K, reserved 1114112K
  class space    used 1558K, committed 1664K, reserved 1048576K
}
Event: 7.913 GC heap after
{Heap after GC invocations=12 (full 0):
 garbage-first heap   total 530432K, used 79380K [0x0000000700000000, 0x0000000800000000)
  region size 2048K, 9 young (18432K), 9 survivors (18432K)
 Metaspace       used 17715K, committed 17856K, reserved 1114112K
  class space    used 1558K, committed 1664K, reserved 1048576K
}
Event: 8.498 GC heap before
{Heap before GC invocations=12 (full 0):
 garbage-first heap   total 530432K, used 378388K [0x0000000700000000, 0x0000000800000000)
  region size 2048K, 155 young (317440K), 9 survivors (18432K)
 Metaspace       used 17727K, committed 17856K, reserved 1114112K
  class space    used 1558K, committed 1664K, reserved 1048576K
}
Event: 8.514 GC heap after
{Heap after GC invocations=13 (full 0):
 garbage-first heap   total 530432K, used 89664K [0x0000000700000000, 0x0000000800000000)
  region size 2048K, 14 young (28672K), 14 survivors (28672K)
 Metaspace       used 17727K, committed 17856K, reserved 1114112K
  class space    used 1558K, committed 1664K, reserved 1048576K
}
Event: 8.806 GC heap before
{Heap before GC invocations=13 (full 0):
 garbage-first heap   total 530432K, used 378432K [0x0000000700000000, 0x0000000800000000)
  region size 2048K, 155 young (317440K), 14 survivors (28672K)
 Metaspace       used 17740K, committed 17920K, reserved 1114112K
  class space    used 1558K, committed 1664K, reserved 1048576K
}
Event: 8.866 GC heap after
{Heap after GC invocations=14 (full 0):
 garbage-first heap   total 729088K, used 138516K [0x0000000700000000, 0x0000000800000000)
  region size 2048K, 20 young (40960K), 20 survivors (40960K)
 Metaspace       used 17740K, committed 17920K, reserved 1114112K
  class space    used 1558K, committed 1664K, reserved 1048576K
}
Event: 9.604 GC heap before
{Heap before GC invocations=14 (full 0):
 garbage-first heap   total 729088K, used 535828K [0x0000000700000000, 0x0000000800000000)
  region size 2048K, 213 young (436224K), 20 survivors (40960K)
 Metaspace       used 17748K, committed 17920K, reserved 1114112K
  class space    used 1558K, committed 1664K, reserved 1048576K
}
Event: 9.631 GC heap after
{Heap after GC invocations=15 (full 0):
 garbage-first heap   total 729088K, used 131834K [0x0000000700000000, 0x0000000800000000)
  region size 2048K, 9 young (18432K), 9 survivors (18432K)
 Metaspace       used 17748K, committed 17920K, reserved 1114112K
  class space    used 1558K, committed 1664K, reserved 1048576K
}
Event: 10.182 GC heap before
{Heap before GC invocations=15 (full 0):
 garbage-first heap   total 729088K, used 549626K [0x0000000700000000, 0x0000000800000000)
  region size 2048K, 213 young (436224K), 9 survivors (18432K)
 Metaspace       used 17756K, committed 17920K, reserved 1114112K
  class space    used 1559K, committed 1664K, reserved 1048576K
}
Event: 10.200 GC heap after
{Heap after GC invocations=16 (full 0):
 garbage-first heap   total 729088K, used 138991K [0x0000000700000000, 0x0000000800000000)
  region size 2048K, 12 young (24576K), 12 survivors (24576K)
 Metaspace       used 17756K, committed 17920K, reserved 1114112K
  class space    used 1559K, committed 1664K, reserved 1048576K
}
Event: 12.205 GC heap before
{Heap before GC invocations=16 (full 0):
 garbage-first heap   total 729088K, used 550639K [0x0000000700000000, 0x0000000800000000)
  region size 2048K, 213 young (436224K), 12 survivors (24576K)
 Metaspace       used 17784K, committed 17984K, reserved 1114112K
  class space    used 1559K, committed 1664K, reserved 1048576K
}
Event: 12.224 GC heap after
{Heap after GC invocations=17 (full 0):
 garbage-first heap   total 729088K, used 149404K [0x0000000700000000, 0x0000000800000000)
  region size 2048K, 17 young (34816K), 17 survivors (34816K)
 Metaspace       used 17784K, committed 17984K, reserved 1114112K
  class space    used 1559K, committed 1664K, reserved 1048576K
}
Event: 12.861 GC heap before
{Heap before GC invocations=17 (full 0):
 garbage-first heap   total 729088K, used 550812K [0x0000000700000000, 0x0000000800000000)
  region size 2048K, 213 young (436224K), 17 survivors (34816K)
 Metaspace       used 17786K, committed 17984K, reserved 1114112K
  class space    used 1559K, committed 1664K, reserved 1048576K
}
Event: 12.897 GC heap after
{Heap after GC invocations=18 (full 0):
 garbage-first heap   total 729088K, used 161944K [0x0000000700000000, 0x0000000800000000)
  region size 2048K, 17 young (34816K), 17 survivors (34816K)
 Metaspace       used 17786K, committed 17984K, reserved 1114112K
  class space    used 1559K, committed 1664K, reserved 1048576K
}
Event: 13.438 GC heap before
{Heap before GC invocations=18 (full 0):
 garbage-first heap   total 729088K, used 563352K [0x0000000700000000, 0x0000000800000000)
  region size 2048K, 213 young (436224K), 17 survivors (34816K)
 Metaspace       used 17788K, committed 17984K, reserved 1114112K
  class space    used 1559K, committed 1664K, reserved 1048576K
}

