# JRE version: Java(TM) SE Runtime Environment (17.0.12+8) (build 17.0.12+8-LTS-286)
# Java VM: Java HotSpot(TM) 64-Bit Server VM (17.0.12+8-LTS-286, mixed mode, sharing, tiered, compressed oops, compressed class ptrs, g1 gc, windows-amd64)
GC Precious Log:
 CPUs: 8 total, 8 available
 Memory: 24419M
 Large Page Support: Disabled
 NUMA Support: Disabled
 Compressed Oops: Enabled (32-bit)
 Heap Region Size: 1M
 Heap Min Capacity: 8M
 Heap Initial Capacity: 382M
 Heap Max Capacity: 2G
 Pre-touch: Disabled
 Parallel Workers: 8
 Concurrent Workers: 2
 Concurrent Refinement Workers: 8
 Periodic GC: Disabled
Heap:
 garbage-first heap   total 380928K, used 259776K [0x0000000080000000, 0x0000000100000000)
  region size 1024K, 102 young (104448K), 1 survivors (1024K)
 Metaspace       used 172761K, committed 173632K, reserved 1245184K
  class space    used 22046K, committed 22464K, reserved 1048576K
GC Heap History (20 events):
Event: 69.762 GC heap before
{Heap before GC invocations=65 (full 0):
 garbage-first heap   total 291840K, used 180581K [0x0000000080000000, 0x0000000100000000)
  region size 1024K, 31 young (31744K), 2 survivors (2048K)
 Metaspace       used 167391K, committed 168256K, reserved 1245184K
  class space    used 21563K, committed 21952K, reserved 1048576K
}
Event: 69.765 GC heap after
{Heap after GC invocations=66 (full 0):
 garbage-first heap   total 291840K, used 152679K [0x0000000080000000, 0x0000000100000000)
  region size 1024K, 1 young (1024K), 1 survivors (1024K)
 Metaspace       used 167391K, committed 168256K, reserved 1245184K
  class space    used 21563K, committed 21952K, reserved 1048576K
}
Event: 70.223 GC heap before
{Heap before GC invocations=67 (full 0):
 garbage-first heap   total 301056K, used 245863K [0x0000000080000000, 0x0000000100000000)
  region size 1024K, 90 young (92160K), 1 survivors (1024K)
 Metaspace       used 167407K, committed 168256K, reserved 1245184K
  class space    used 21563K, committed 21952K, reserved 1048576K
}
Event: 70.226 GC heap after
{Heap after GC invocations=68 (full 0):
 garbage-first heap   total 301056K, used 157198K [0x0000000080000000, 0x0000000100000000)
  region size 1024K, 3 young (3072K), 3 survivors (3072K)
 Metaspace       used 167407K, committed 168256K, reserved 1245184K
  class space    used 21563K, committed 21952K, reserved 1048576K
}
Event: 70.268 GC heap before
{Heap before GC invocations=68 (full 0):
 garbage-first heap   total 301056K, used 167438K [0x0000000080000000, 0x0000000100000000)
  region size 1024K, 14 young (14336K), 3 survivors (3072K)
 Metaspace       used 167407K, committed 168256K, reserved 1245184K
  class space    used 21563K, committed 21952K, reserved 1048576K
}
Event: 70.271 GC heap after
{Heap after GC invocations=69 (full 0):
 garbage-first heap   total 301056K, used 155220K [0x0000000080000000, 0x0000000100000000)
  region size 1024K, 1 young (1024K), 1 survivors (1024K)
 Metaspace       used 167407K, committed 168256K, reserved 1245184K
  class space    used 21563K, committed 21952K, reserved 1048576K
}
Event: 70.683 GC heap before
{Heap before GC invocations=69 (full 0):
 garbage-first heap   total 301056K, used 251476K [0x0000000080000000, 0x0000000100000000)
  region size 1024K, 95 young (97280K), 1 survivors (1024K)
 Metaspace       used 167407K, committed 168256K, reserved 1245184K
  class space    used 21563K, committed 21952K, reserved 1048576K
}
Event: 70.685 GC heap after
{Heap after GC invocations=70 (full 0):
 garbage-first heap   total 301056K, used 156242K [0x0000000080000000, 0x0000000100000000)
  region size 1024K, 2 young (2048K), 2 survivors (2048K)
 Metaspace       used 167407K, committed 168256K, reserved 1245184K
  class space    used 21563K, committed 21952K, reserved 1048576K
}
Event: 71.162 GC heap before
{Heap before GC invocations=71 (full 0):
 garbage-first heap   total 304128K, used 253522K [0x0000000080000000, 0x0000000100000000)
  region size 1024K, 97 young (99328K), 2 survivors (2048K)
 Metaspace       used 167407K, committed 168256K, reserved 1245184K
  class space    used 21563K, committed 21952K, reserved 1048576K
}
Event: 71.164 GC heap after
{Heap after GC invocations=72 (full 0):
 garbage-first heap   total 304128K, used 157410K [0x0000000080000000, 0x0000000100000000)
  region size 1024K, 3 young (3072K), 3 survivors (3072K)
 Metaspace       used 167407K, committed 168256K, reserved 1245184K
  class space    used 21563K, committed 21952K, reserved 1048576K
}
Event: 71.211 GC heap before
{Heap before GC invocations=72 (full 0):
 garbage-first heap   total 304128K, used 167650K [0x0000000080000000, 0x0000000100000000)
  region size 1024K, 14 young (14336K), 3 survivors (3072K)
 Metaspace       used 167407K, committed 168256K, reserved 1245184K
  class space    used 21563K, committed 21952K, reserved 1048576K
}
Event: 71.214 GC heap after
{Heap after GC invocations=73 (full 0):
 garbage-first heap   total 304128K, used 155701K [0x0000000080000000, 0x0000000100000000)
  region size 1024K, 1 young (1024K), 1 survivors (1024K)
 Metaspace       used 167407K, committed 168256K, reserved 1245184K
  class space    used 21563K, committed 21952K, reserved 1048576K
}
Event: 71.618 GC heap before
{Heap before GC invocations=73 (full 0):
 garbage-first heap   total 304128K, used 258101K [0x0000000080000000, 0x0000000100000000)
  region size 1024K, 101 young (103424K), 1 survivors (1024K)
 Metaspace       used 167407K, committed 168256K, reserved 1245184K
  class space    used 21563K, committed 21952K, reserved 1048576K
}
Event: 71.621 GC heap after
{Heap after GC invocations=74 (full 0):
 garbage-first heap   total 304128K, used 153718K [0x0000000080000000, 0x0000000100000000)
  region size 1024K, 2 young (2048K), 2 survivors (2048K)
 Metaspace       used 167407K, committed 168256K, reserved 1245184K
  class space    used 21563K, committed 21952K, reserved 1048576K
}
Event: 72.004 GC heap before
{Heap before GC invocations=75 (full 0):
 garbage-first heap   total 312320K, used 265334K [0x0000000080000000, 0x0000000100000000)
  region size 1024K, 107 young (109568K), 2 survivors (2048K)
 Metaspace       used 169941K, committed 170880K, reserved 1245184K
  class space    used 21752K, committed 22208K, reserved 1048576K
}
Event: 72.007 GC heap after
{Heap after GC invocations=76 (full 0):
 garbage-first heap   total 312320K, used 159456K [0x0000000080000000, 0x0000000100000000)
  region size 1024K, 4 young (4096K), 4 survivors (4096K)
 Metaspace       used 169941K, committed 170880K, reserved 1245184K
  class space    used 21752K, committed 22208K, reserved 1048576K
}
Event: 72.105 GC heap before
{Heap before GC invocations=76 (full 0):
 garbage-first heap   total 312320K, used 169696K [0x0000000080000000, 0x0000000100000000)
  region size 1024K, 15 young (15360K), 4 survivors (4096K)
 Metaspace       used 171567K, committed 172480K, reserved 1245184K
  class space    used 21955K, committed 22400K, reserved 1048576K
}
Event: 72.108 GC heap after
{Heap after GC invocations=77 (full 0):
 garbage-first heap   total 312320K, used 158096K [0x0000000080000000, 0x0000000100000000)
  region size 1024K, 1 young (1024K), 1 survivors (1024K)
 Metaspace       used 171567K, committed 172480K, reserved 1245184K
  class space    used 21955K, committed 22400K, reserved 1048576K
}
Event: 72.300 GC heap before
{Heap before GC invocations=77 (full 0):
 garbage-first heap   total 312320K, used 267664K [0x0000000080000000, 0x0000000100000000)
  region size 1024K, 108 young (110592K), 1 survivors (1024K)
 Metaspace       used 172576K, committed 173440K, reserved 1245184K
  class space    used 22035K, committed 22464K, reserved 1048576K
}
Event: 72.302 GC heap after
{Heap after GC invocations=78 (full 0):
 garbage-first heap   total 312320K, used 158400K [0x0000000080000000, 0x0000000100000000)
  region size 1024K, 1 young (1024K), 1 survivors (1024K)
 Metaspace       used 172576K, committed 173440K, reserved 1245184K
  class space    used 22035K, committed 22464K, reserved 1048576K
}

