# JRE version: Java(TM) SE Runtime Environment (17.0.12+8) (build 17.0.12+8-LTS-286)
# Java VM: Java HotSpot(TM) 64-Bit Server VM (17.0.12+8-LTS-286, mixed mode, sharing, tiered, compressed oops, compressed class ptrs, g1 gc, windows-amd64)
GC Precious Log:
 CPUs: 8 total, 8 available
 Memory: 24419M
 Large Page Support: Disabled
 NUMA Support: Disabled
 Compressed Oops: Enabled (32-bit)
 Heap Region Size: 1M
 Heap Min Capacity: 8M
 Heap Initial Capacity: 382M
 Heap Max Capacity: 2G
 Pre-touch: Disabled
 Parallel Workers: 8
 Concurrent Workers: 2
 Concurrent Refinement Workers: 8
 Periodic GC: Disabled
Heap:
 garbage-first heap   total 458752K, used 373702K [0x0000000080000000, 0x0000000100000000)
  region size 1024K, 178 young (182272K), 24 survivors (24576K)
 Metaspace       used 133970K, committed 134656K, reserved 1179648K
  class space    used 16960K, committed 17280K, reserved 1048576K
GC Heap History (20 events):
Event: 128.138 GC heap before
{Heap before GC invocations=133 (full 0):
 garbage-first heap   total 458752K, used 403865K [0x0000000080000000, 0x0000000100000000)
  region size 1024K, 222 young (227328K), 7 survivors (7168K)
 Metaspace       used 123228K, committed 123968K, reserved 1179648K
  class space    used 15463K, committed 15808K, reserved 1048576K
}
Event: 128.146 GC heap after
{Heap after GC invocations=134 (full 0):
 garbage-first heap   total 458752K, used 182559K [0x0000000080000000, 0x0000000100000000)
  region size 1024K, 7 young (7168K), 7 survivors (7168K)
 Metaspace       used 123228K, committed 123968K, reserved 1179648K
  class space    used 15463K, committed 15808K, reserved 1048576K
}
Event: 129.088 GC heap before
{Heap before GC invocations=134 (full 0):
 garbage-first heap   total 458752K, used 406815K [0x0000000080000000, 0x0000000100000000)
  region size 1024K, 223 young (228352K), 7 survivors (7168K)
 Metaspace       used 123243K, committed 123968K, reserved 1179648K
  class space    used 15463K, committed 15808K, reserved 1048576K
}
Event: 129.098 GC heap after
{Heap after GC invocations=135 (full 0):
 garbage-first heap   total 458752K, used 186056K [0x0000000080000000, 0x0000000100000000)
  region size 1024K, 7 young (7168K), 7 survivors (7168K)
 Metaspace       used 123243K, committed 123968K, reserved 1179648K
  class space    used 15463K, committed 15808K, reserved 1048576K
}
Event: 129.914 GC heap before
{Heap before GC invocations=135 (full 0):
 garbage-first heap   total 458752K, used 406216K [0x0000000080000000, 0x0000000100000000)
  region size 1024K, 219 young (224256K), 7 survivors (7168K)
 Metaspace       used 123245K, committed 123968K, reserved 1179648K
  class space    used 15463K, committed 15808K, reserved 1048576K
}
Event: 129.921 GC heap after
{Heap after GC invocations=136 (full 0):
 garbage-first heap   total 458752K, used 187080K [0x0000000080000000, 0x0000000100000000)
  region size 1024K, 7 young (7168K), 7 survivors (7168K)
 Metaspace       used 123245K, committed 123968K, reserved 1179648K
  class space    used 15463K, committed 15808K, reserved 1048576K
}
Event: 130.723 GC heap before
{Heap before GC invocations=136 (full 0):
 garbage-first heap   total 458752K, used 405192K [0x0000000080000000, 0x0000000100000000)
  region size 1024K, 219 young (224256K), 7 survivors (7168K)
 Metaspace       used 123248K, committed 123968K, reserved 1179648K
  class space    used 15463K, committed 15808K, reserved 1048576K
}
Event: 130.730 GC heap after
{Heap after GC invocations=137 (full 0):
 garbage-first heap   total 458752K, used 183765K [0x0000000080000000, 0x0000000100000000)
  region size 1024K, 5 young (5120K), 5 survivors (5120K)
 Metaspace       used 123248K, committed 123968K, reserved 1179648K
  class space    used 15463K, committed 15808K, reserved 1048576K
}
Event: 131.479 GC heap before
{Heap before GC invocations=137 (full 0):
 garbage-first heap   total 458752K, used 405973K [0x0000000080000000, 0x0000000100000000)
  region size 1024K, 221 young (226304K), 5 survivors (5120K)
 Metaspace       used 123249K, committed 123968K, reserved 1179648K
  class space    used 15463K, committed 15808K, reserved 1048576K
}
Event: 131.484 GC heap after
{Heap after GC invocations=138 (full 0):
 garbage-first heap   total 458752K, used 182518K [0x0000000080000000, 0x0000000100000000)
  region size 1024K, 4 young (4096K), 4 survivors (4096K)
 Metaspace       used 123249K, committed 123968K, reserved 1179648K
  class space    used 15463K, committed 15808K, reserved 1048576K
}
Event: 132.030 GC heap before
{Heap before GC invocations=138 (full 0):
 garbage-first heap   total 458752K, used 407798K [0x0000000080000000, 0x0000000100000000)
  region size 1024K, 223 young (228352K), 4 survivors (4096K)
 Metaspace       used 123251K, committed 123968K, reserved 1179648K
  class space    used 15463K, committed 15808K, reserved 1048576K
}
Event: 132.034 GC heap after
{Heap after GC invocations=139 (full 0):
 garbage-first heap   total 458752K, used 183130K [0x0000000080000000, 0x0000000100000000)
  region size 1024K, 4 young (4096K), 4 survivors (4096K)
 Metaspace       used 123251K, committed 123968K, reserved 1179648K
  class space    used 15463K, committed 15808K, reserved 1048576K
}
Event: 132.535 GC heap before
{Heap before GC invocations=139 (full 0):
 garbage-first heap   total 458752K, used 407386K [0x0000000080000000, 0x0000000100000000)
  region size 1024K, 223 young (228352K), 4 survivors (4096K)
 Metaspace       used 123253K, committed 123968K, reserved 1179648K
  class space    used 15463K, committed 15808K, reserved 1048576K
}
Event: 132.539 GC heap after
{Heap after GC invocations=140 (full 0):
 garbage-first heap   total 458752K, used 182625K [0x0000000080000000, 0x0000000100000000)
  region size 1024K, 3 young (3072K), 3 survivors (3072K)
 Metaspace       used 123253K, committed 123968K, reserved 1179648K
  class space    used 15463K, committed 15808K, reserved 1048576K
}
Event: 133.208 GC heap before
{Heap before GC invocations=140 (full 0):
 garbage-first heap   total 458752K, used 408929K [0x0000000080000000, 0x0000000100000000)
  region size 1024K, 223 young (228352K), 3 survivors (3072K)
 Metaspace       used 123253K, committed 123968K, reserved 1179648K
  class space    used 15463K, committed 15808K, reserved 1048576K
}
Event: 133.212 GC heap after
{Heap after GC invocations=141 (full 0):
 garbage-first heap   total 458752K, used 183990K [0x0000000080000000, 0x0000000100000000)
  region size 1024K, 3 young (3072K), 3 survivors (3072K)
 Metaspace       used 123253K, committed 123968K, reserved 1179648K
  class space    used 15463K, committed 15808K, reserved 1048576K
}
Event: 133.852 GC heap before
{Heap before GC invocations=141 (full 0):
 garbage-first heap   total 458752K, used 408246K [0x0000000080000000, 0x0000000100000000)
  region size 1024K, 222 young (227328K), 3 survivors (3072K)
 Metaspace       used 123254K, committed 123968K, reserved 1179648K
  class space    used 15463K, committed 15808K, reserved 1048576K
}
Event: 133.856 GC heap after
{Heap after GC invocations=142 (full 0):
 garbage-first heap   total 458752K, used 182517K [0x0000000080000000, 0x0000000100000000)
  region size 1024K, 1 young (1024K), 1 survivors (1024K)
 Metaspace       used 123254K, committed 123968K, reserved 1179648K
  class space    used 15463K, committed 15808K, reserved 1048576K
}
Event: 135.031 GC heap before
{Heap before GC invocations=142 (full 0):
 garbage-first heap   total 458752K, used 424181K [0x0000000080000000, 0x0000000100000000)
  region size 1024K, 223 young (228352K), 1 survivors (1024K)
 Metaspace       used 123518K, committed 124224K, reserved 1179648K
  class space    used 15464K, committed 15808K, reserved 1048576K
}
Event: 135.048 GC heap after
{Heap after GC invocations=143 (full 0):
 garbage-first heap   total 458752K, used 210886K [0x0000000080000000, 0x0000000100000000)
  region size 1024K, 24 young (24576K), 24 survivors (24576K)
 Metaspace       used 123518K, committed 124224K, reserved 1179648K
  class space    used 15464K, committed 15808K, reserved 1048576K
}

